app/build/intermediates/manifest_merge_blame_file/debug/manifest-merger-blame-debug-report.txt
1<?xml version="1.0" encoding="utf-8"?>
2<manifest xmlns:android="http://schemas.android.com/apk/res/android"
3    package="com.example.miniprojet"
4    android:versionCode="1"
5    android:versionName="1.0" >
6
7    <uses-sdk
8        android:minSdkVersion="21"
8-->src\main\AndroidManifest.xml
9        android:targetSdkVersion="32" />
9-->src\main\AndroidManifest.xml
10
11    <uses-permission android:name="android.permission.INTERNET" />
11-->src\main\AndroidManifest.xml:6:5-67
11-->src\main\AndroidManifest.xml:6:22-64
12    <uses-permission android:name="android.permission.ACCESS_NETWORK_STATE" />
12-->src\main\AndroidManifest.xml:7:5-79
12-->src\main\AndroidManifest.xml:7:22-76
13
14    <application
14-->src\main\AndroidManifest.xml:9:5-44:19
15        android:allowBackup="true"
15-->src\main\AndroidManifest.xml:14:9-35
16        android:appComponentFactory="androidx.core.app.CoreComponentFactory"
16-->[androidx.core:core:1.8.0] AndroidManifest.xml:24:18-86
17        android:dataExtractionRules="@xml/data_extraction_rules"
17-->src\main\AndroidManifest.xml:15:9-65
18        android:debuggable="true"
19        android:fullBackupContent="@xml/backup_rules"
19-->src\main\AndroidManifest.xml:17:9-54
20        android:hardwareAccelerated="true"
20-->src\main\AndroidManifest.xml:11:9-43
21        android:icon="@mipmap/ic_launcher"
21-->src\main\AndroidManifest.xml:18:9-43
22        android:label="@string/app_name"
22-->src\main\AndroidManifest.xml:19:9-41
23        android:largeHeap="true"
23-->src\main\AndroidManifest.xml:12:9-33
24        android:networkSecurityConfig="@xml/network_security_config"
24-->src\main\AndroidManifest.xml:10:9-69
25        android:roundIcon="@mipmap/ic_launcher_round"
25-->src\main\AndroidManifest.xml:20:9-54
26        android:supportsRtl="true"
26-->src\main\AndroidManifest.xml:21:9-35
27        android:testOnly="true"
28        android:theme="@style/Theme.MiniProjet"
28-->src\main\AndroidManifest.xml:22:9-48
29        android:usesCleartextTraffic="true" >
29-->src\main\AndroidManifest.xml:16:9-44
30        <activity
30-->src\main\AndroidManifest.xml:24:9-26:40
31            android:name="com.example.miniprojet.MainActivity"
31-->src\main\AndroidManifest.xml:25:13-41
32            android:exported="false" />
32-->src\main\AndroidManifest.xml:26:13-37
33        <activity
33-->src\main\AndroidManifest.xml:27:9-29:40
34            android:name="com.example.miniprojet.LoginActivity"
34-->src\main\AndroidManifest.xml:28:13-42
35            android:exported="false" />
35-->src\main\AndroidManifest.xml:29:13-37
36        <activity
36-->src\main\AndroidManifest.xml:30:9-33:63
37            android:name="com.example.miniprojet.SettingsActivity"
37-->src\main\AndroidManifest.xml:31:13-45
38            android:exported="false"
38-->src\main\AndroidManifest.xml:32:13-37
39            android:label="@string/title_activity_settings" />
39-->src\main\AndroidManifest.xml:33:13-60
40        <activity
40-->src\main\AndroidManifest.xml:35:9-43:20
41            android:name="com.example.miniprojet.SignUpActivity"
41-->src\main\AndroidManifest.xml:36:13-43
42            android:exported="true" >
42-->src\main\AndroidManifest.xml:37:13-36
43            <intent-filter>
43-->src\main\AndroidManifest.xml:38:13-42:29
44                <action android:name="android.intent.action.MAIN" />
44-->src\main\AndroidManifest.xml:39:17-69
44-->src\main\AndroidManifest.xml:39:25-66
45
46                <category android:name="android.intent.category.LAUNCHER" />
46-->src\main\AndroidManifest.xml:41:17-77
46-->src\main\AndroidManifest.xml:41:27-74
47            </intent-filter>
48        </activity>
49
50        <provider
50-->[androidx.lifecycle:lifecycle-process:2.2.0] AndroidManifest.xml:25:9-29:43
51            android:name="androidx.lifecycle.ProcessLifecycleOwnerInitializer"
51-->[androidx.lifecycle:lifecycle-process:2.2.0] AndroidManifest.xml:26:13-79
52            android:authorities="com.example.miniprojet.lifecycle-process"
52-->[androidx.lifecycle:lifecycle-process:2.2.0] AndroidManifest.xml:27:13-69
53            android:exported="false"
53-->[androidx.lifecycle:lifecycle-process:2.2.0] AndroidManifest.xml:28:13-37
54            android:multiprocess="true" />
54-->[androidx.lifecycle:lifecycle-process:2.2.0] AndroidManifest.xml:29:13-40
55    </application>
56
57</manifest>